Info: Start Nativelink Simulation process
Info: NativeLink has detected VHDL design -- VHDL simulation models will be used

========= EDA Simulation Settings =====================

Sim Mode              :  RTL
Family                :  max10
Quartus root          :  /media/analu/LINUX/temp_install/quartus/linux64/
Quartus sim root      :  /media/analu/LINUX/temp_install/quartus/eda/sim_lib
Simulation Tool       :  questa altera fpga
Simulation Language   :  vhdl
Version               :  93
Simulation Mode       :  GUI
Sim Output File       :  
Sim SDF file          :  
Sim dir               :  simulation/questa

=======================================================

Info: Starting NativeLink simulation with Questa Altera FPGA software
Sourced NativeLink script /media/analu/LINUX/temp_install/quartus/common/tcl/internal/nativelink/modelsim.tcl
Warning: File Maquina_Bebida_run_msim_rtl_vhdl.do already exists - backing up current file as Maquina_Bebida_run_msim_rtl_vhdl.do.bak11
Info: Spawning Questa Altera FPGA Simulation software 
Info: NativeLink simulation flow was successful
