Analysis & Synthesis report for Maquina_Bebida
Wed Nov 26 01:24:26 2025
Quartus Prime Version 25.1std.0 Build 1129 10/21/2025 SC Lite Edition


---------------------
; Table of Contents ;
---------------------
  1. Legal Notice
  2. Analysis & Synthesis Summary
  3. Analysis & Synthesis Settings
  4. Parallel Compilation
  5. Analysis & Synthesis Source Files Read
  6. Analysis & Synthesis Resource Usage Summary
  7. Analysis & Synthesis Resource Utilization by Entity
  8. State Machine - |DE10_TOP_LEVEL|maquina_de_venda_de_bebidas_top_level:U_Maquina|controller:U_Controller|estado_atual
  9. Registers Removed During Synthesis
 10. General Register Statistics
 11. Multiplexer Restructuring Statistics (Restructuring Performed)
 12. Parameter Settings for User Entity Instance: maquina_de_venda_de_bebidas_top_level:U_Maquina|datapath:U_Datapath|registrador:U_RegPreco
 13. Parameter Settings for User Entity Instance: maquina_de_venda_de_bebidas_top_level:U_Maquina|datapath:U_Datapath|registrador:U_RegMoedaInput
 14. Parameter Settings for User Entity Instance: maquina_de_venda_de_bebidas_top_level:U_Maquina|datapath:U_Datapath|registrador:U_RegTotal
 15. Parameter Settings for User Entity Instance: maquina_de_venda_de_bebidas_top_level:U_Maquina|datapath:U_Datapath|registrador:U_RegRet
 16. Port Connectivity Checks: "maquina_de_venda_de_bebidas_top_level:U_Maquina|datapath:U_Datapath|subtractor_8bits:U_SubDec"
 17. Port Connectivity Checks: "maquina_de_venda_de_bebidas_top_level:U_Maquina|datapath:U_Datapath|subtractor_8bits:U_SubTroco|full_adder_1bit:\GEN_SUBTRACTOR:7:U_Bit"
 18. Port Connectivity Checks: "maquina_de_venda_de_bebidas_top_level:U_Maquina|datapath:U_Datapath|subtractor_8bits:U_SubTroco|full_adder_1bit:\GEN_SUBTRACTOR:0:U_Bit"
 19. Port Connectivity Checks: "maquina_de_venda_de_bebidas_top_level:U_Maquina|datapath:U_Datapath|comparator_8bits:U_Comp|comparator_1bit:\GEN_COMPARATOR:4:U_Bit"
 20. Port Connectivity Checks: "maquina_de_venda_de_bebidas_top_level:U_Maquina|datapath:U_Datapath|full_adder_8bits:U_Adder|full_adder_1bit:\GEN_ADDER:7:U_Bit"
 21. Port Connectivity Checks: "maquina_de_venda_de_bebidas_top_level:U_Maquina|datapath:U_Datapath|full_adder_8bits:U_Adder|full_adder_1bit:\GEN_ADDER:0:U_Bit"
 22. Port Connectivity Checks: "maquina_de_venda_de_bebidas_top_level:U_Maquina|datapath:U_Datapath|registrador:U_RegMoedaInput"
 23. Port Connectivity Checks: "maquina_de_venda_de_bebidas_top_level:U_Maquina|datapath:U_Datapath|registrador:U_RegPreco"
 24. Port Connectivity Checks: "maquina_de_venda_de_bebidas_top_level:U_Maquina|datapath:U_Datapath|mux_4to1:U_MuxPreco"
 25. Post-Synthesis Netlist Statistics for Top Partition
 26. Elapsed Time Per Partition
 27. Analysis & Synthesis Messages



----------------
; Legal Notice ;
----------------
Copyright (C) 2025  Altera Corporation. All rights reserved.
Your use of Altera Corporation's design tools, logic functions 
and other software and tools, and any partner logic 
functions, and any output files from any of the foregoing 
(including device programming or simulation files), and any 
associated documentation or information are expressly subject 
to the terms and conditions of the Altera Program License 
Subscription Agreement, the Altera Quartus Prime License Agreement,
the Altera IP License Agreement, or other applicable license
agreement, including, without limitation, that your use is for
the sole purpose of programming logic devices manufactured by
Altera and sold by Altera or its authorized distributors.  Please
refer to the Altera Software License Subscription Agreements 
on the Quartus Prime software download page.



+--------------------------------------------------------------------------------------+
; Analysis & Synthesis Summary                                                         ;
+------------------------------------+-------------------------------------------------+
; Analysis & Synthesis Status        ; Successful - Wed Nov 26 01:24:26 2025           ;
; Quartus Prime Version              ; 25.1std.0 Build 1129 10/21/2025 SC Lite Edition ;
; Revision Name                      ; Maquina_Bebida                                  ;
; Top-level Entity Name              ; DE10_TOP_LEVEL                                  ;
; Family                             ; MAX 10                                          ;
; Total logic elements               ; 128                                             ;
;     Total combinational functions  ; 124                                             ;
;     Dedicated logic registers      ; 56                                              ;
; Total registers                    ; 56                                              ;
; Total pins                         ; 25                                              ;
; Total virtual pins                 ; 0                                               ;
; Total memory bits                  ; 0                                               ;
; Embedded Multiplier 9-bit elements ; 0                                               ;
; Total PLLs                         ; 0                                               ;
; UFM blocks                         ; 0                                               ;
; ADC blocks                         ; 0                                               ;
+------------------------------------+-------------------------------------------------+


+------------------------------------------------------------------------------------------------------------+
; Analysis & Synthesis Settings                                                                              ;
+------------------------------------------------------------------+--------------------+--------------------+
; Option                                                           ; Setting            ; Default Value      ;
+------------------------------------------------------------------+--------------------+--------------------+
; Device                                                           ; 10M50DAF484C7G     ;                    ;
; Top-level entity name                                            ; DE10_TOP_LEVEL     ; Maquina_Bebida     ;
; Family name                                                      ; MAX 10             ; Cyclone V          ;
; Use smart compilation                                            ; Off                ; Off                ;
; Enable parallel Assembler and Timing Analyzer during compilation ; On                 ; On                 ;
; Enable compact report table                                      ; Off                ; Off                ;
; Restructure Multiplexers                                         ; Auto               ; Auto               ;
; Create Debugging Nodes for IP Cores                              ; Off                ; Off                ;
; Preserve fewer node names                                        ; On                 ; On                 ;
; Intel FPGA IP Evaluation Mode                                    ; Enable             ; Enable             ;
; Verilog Version                                                  ; Verilog_2001       ; Verilog_2001       ;
; VHDL Version                                                     ; VHDL_1993          ; VHDL_1993          ;
; State Machine Processing                                         ; Auto               ; Auto               ;
; Safe State Machine                                               ; Off                ; Off                ;
; Extract Verilog State Machines                                   ; On                 ; On                 ;
; Extract VHDL State Machines                                      ; On                 ; On                 ;
; Ignore Verilog initial constructs                                ; Off                ; Off                ;
; Iteration limit for constant Verilog loops                       ; 5000               ; 5000               ;
; Iteration limit for non-constant Verilog loops                   ; 250                ; 250                ;
; Add Pass-Through Logic to Inferred RAMs                          ; On                 ; On                 ;
; Infer RAMs from Raw Logic                                        ; On                 ; On                 ;
; Parallel Synthesis                                               ; On                 ; On                 ;
; DSP Block Balancing                                              ; Auto               ; Auto               ;
; NOT Gate Push-Back                                               ; On                 ; On                 ;
; Power-Up Don't Care                                              ; On                 ; On                 ;
; Remove Redundant Logic Cells                                     ; Off                ; Off                ;
; Remove Duplicate Registers                                       ; On                 ; On                 ;
; Ignore CARRY Buffers                                             ; Off                ; Off                ;
; Ignore CASCADE Buffers                                           ; Off                ; Off                ;
; Ignore GLOBAL Buffers                                            ; Off                ; Off                ;
; Ignore ROW GLOBAL Buffers                                        ; Off                ; Off                ;
; Ignore LCELL Buffers                                             ; Off                ; Off                ;
; Ignore SOFT Buffers                                              ; On                 ; On                 ;
; Limit AHDL Integers to 32 Bits                                   ; Off                ; Off                ;
; Optimization Technique                                           ; Balanced           ; Balanced           ;
; Carry Chain Length                                               ; 70                 ; 70                 ;
; Auto Carry Chains                                                ; On                 ; On                 ;
; Auto Open-Drain Pins                                             ; On                 ; On                 ;
; Perform WYSIWYG Primitive Resynthesis                            ; Off                ; Off                ;
; Auto ROM Replacement                                             ; On                 ; On                 ;
; Auto RAM Replacement                                             ; On                 ; On                 ;
; Auto DSP Block Replacement                                       ; On                 ; On                 ;
; Auto Shift Register Replacement                                  ; Auto               ; Auto               ;
; Allow Shift Register Merging across Hierarchies                  ; Auto               ; Auto               ;
; Auto Clock Enable Replacement                                    ; On                 ; On                 ;
; Strict RAM Replacement                                           ; Off                ; Off                ;
; Allow Synchronous Control Signals                                ; On                 ; On                 ;
; Force Use of Synchronous Clear Signals                           ; Off                ; Off                ;
; Auto RAM Block Balancing                                         ; On                 ; On                 ;
; Auto RAM to Logic Cell Conversion                                ; Off                ; Off                ;
; Auto Resource Sharing                                            ; Off                ; Off                ;
; Allow Any RAM Size For Recognition                               ; Off                ; Off                ;
; Allow Any ROM Size For Recognition                               ; Off                ; Off                ;
; Allow Any Shift Register Size For Recognition                    ; Off                ; Off                ;
; Use LogicLock Constraints during Resource Balancing              ; On                 ; On                 ;
; Ignore translate_off and synthesis_off directives                ; Off                ; Off                ;
; Timing-Driven Synthesis                                          ; On                 ; On                 ;
; Report Parameter Settings                                        ; On                 ; On                 ;
; Report Source Assignments                                        ; On                 ; On                 ;
; Report Connectivity Checks                                       ; On                 ; On                 ;
; Ignore Maximum Fan-Out Assignments                               ; Off                ; Off                ;
; Synchronization Register Chain Length                            ; 2                  ; 2                  ;
; Power Optimization During Synthesis                              ; Normal compilation ; Normal compilation ;
; HDL message level                                                ; Level2             ; Level2             ;
; Suppress Register Optimization Related Messages                  ; Off                ; Off                ;
; Number of Removed Registers Reported in Synthesis Report         ; 5000               ; 5000               ;
; Number of Swept Nodes Reported in Synthesis Report               ; 5000               ; 5000               ;
; Number of Inverted Registers Reported in Synthesis Report        ; 100                ; 100                ;
; Clock MUX Protection                                             ; On                 ; On                 ;
; Auto Gated Clock Conversion                                      ; Off                ; Off                ;
; Block Design Naming                                              ; Auto               ; Auto               ;
; SDC constraint protection                                        ; Off                ; Off                ;
; Synthesis Effort                                                 ; Auto               ; Auto               ;
; Shift Register Replacement - Allow Asynchronous Clear Signal     ; On                 ; On                 ;
; Pre-Mapping Resynthesis Optimization                             ; Off                ; Off                ;
; Analysis & Synthesis Message Level                               ; Medium             ; Medium             ;
; Disable Register Merging Across Hierarchies                      ; Auto               ; Auto               ;
; Resource Aware Inference For Block RAM                           ; On                 ; On                 ;
+------------------------------------------------------------------+--------------------+--------------------+


+------------------------------------------+
; Parallel Compilation                     ;
+----------------------------+-------------+
; Processors                 ; Number      ;
+----------------------------+-------------+
; Number detected on machine ; 4           ;
; Maximum allowed            ; 2           ;
;                            ;             ;
; Average used               ; 1.00        ;
; Maximum used               ; 2           ;
;                            ;             ;
; Usage by Processor         ; % Time Used ;
;     Processor 1            ; 100.0%      ;
;     Processor 2            ;   0.0%      ;
+----------------------------+-------------+


+-----------------------------------------------------------------------------------------------------------------------------------------------+
; Analysis & Synthesis Source Files Read                                                                                                        ;
+----------------------------------+-----------------+-----------------+--------------------------------------------------------------+---------+
; File Name with User-Entered Path ; Used in Netlist ; File Type       ; File Name with Absolute Path                                 ; Library ;
+----------------------------------+-----------------+-----------------+--------------------------------------------------------------+---------+
; register_n-bits.vhd              ; yes             ; User VHDL File  ; /home/analu/Downloads/Proj-Maq_Bebidas/register_n-bits.vhd   ;         ;
; subtractor_8-bits.vhd            ; yes             ; User VHDL File  ; /home/analu/Downloads/Proj-Maq_Bebidas/subtractor_8-bits.vhd ;         ;
; mux_4-to-1.vhd                   ; yes             ; User VHDL File  ; /home/analu/Downloads/Proj-Maq_Bebidas/mux_4-to-1.vhd        ;         ;
; mux_2-to-1.vhd                   ; yes             ; User VHDL File  ; /home/analu/Downloads/Proj-Maq_Bebidas/mux_2-to-1.vhd        ;         ;
; design.vhd                       ; yes             ; User VHDL File  ; /home/analu/Downloads/Proj-Maq_Bebidas/design.vhd            ;         ;
; design-fpga.vhd                  ; yes             ; User VHDL File  ; /home/analu/Downloads/Proj-Maq_Bebidas/design-fpga.vhd       ;         ;
; Datapath.vhd                     ; yes             ; User VHDL File  ; /home/analu/Downloads/Proj-Maq_Bebidas/Datapath.vhd          ;         ;
; Controller.vhd                   ; yes             ; User VHDL File  ; /home/analu/Downloads/Proj-Maq_Bebidas/Controller.vhd        ;         ;
; comparator_8-bits.vhd            ; yes             ; User VHDL File  ; /home/analu/Downloads/Proj-Maq_Bebidas/comparator_8-bits.vhd ;         ;
; basic_components.vhd             ; yes             ; User VHDL File  ; /home/analu/Downloads/Proj-Maq_Bebidas/basic_components.vhd  ;         ;
; adder_8-bits.vhd                 ; yes             ; User VHDL File  ; /home/analu/Downloads/Proj-Maq_Bebidas/adder_8-bits.vhd      ;         ;
; clock.vhd                        ; yes             ; User VHDL File  ; /home/analu/Downloads/Proj-Maq_Bebidas/clock.vhd             ;         ;
+----------------------------------+-----------------+-----------------+--------------------------------------------------------------+---------+


+-----------------------------------------------------------+
; Analysis & Synthesis Resource Usage Summary               ;
+---------------------------------------------+-------------+
; Resource                                    ; Usage       ;
+---------------------------------------------+-------------+
; Estimated Total logic elements              ; 128         ;
;                                             ;             ;
; Total combinational functions               ; 124         ;
; Logic element usage by number of LUT inputs ;             ;
;     -- 4 input functions                    ; 49          ;
;     -- 3 input functions                    ; 22          ;
;     -- <=2 input functions                  ; 53          ;
;                                             ;             ;
; Logic elements by mode                      ;             ;
;     -- normal mode                          ; 100         ;
;     -- arithmetic mode                      ; 24          ;
;                                             ;             ;
; Total registers                             ; 56          ;
;     -- Dedicated logic registers            ; 56          ;
;     -- I/O registers                        ; 0           ;
;                                             ;             ;
; I/O pins                                    ; 25          ;
;                                             ;             ;
; Embedded Multiplier 9-bit elements          ; 0           ;
;                                             ;             ;
; Maximum fan-out node                        ; SW[9]~input ;
; Maximum fan-out                             ; 38          ;
; Total fan-out                               ; 580         ;
; Average fan-out                             ; 2.52        ;
+---------------------------------------------+-------------+


+---------------------------------------------------------------------------------------------------------------------------------------------------------------------------------------------------------------------------------------------------------------------------------------------------------------------------------------------------------------------------------------------------------------------------------------------+
; Analysis & Synthesis Resource Utilization by Entity                                                                                                                                                                                                                                                                                                                                                                                         ;
+-------------------------------------------------------+---------------------+---------------------------+-------------+------------+--------------+---------+-----------+------+--------------+------------+-------------------------------------------------------------------------------------------------------------------------------------------------------------------------+---------------------------------------+--------------+
; Compilation Hierarchy Node                            ; Combinational ALUTs ; Dedicated Logic Registers ; Memory Bits ; UFM Blocks ; DSP Elements ; DSP 9x9 ; DSP 18x18 ; Pins ; Virtual Pins ; ADC blocks ; Full Hierarchy Name                                                                                                                                                     ; Entity Name                           ; Library Name ;
+-------------------------------------------------------+---------------------+---------------------------+-------------+------------+--------------+---------+-----------+------+--------------+------------+-------------------------------------------------------------------------------------------------------------------------------------------------------------------------+---------------------------------------+--------------+
; |DE10_TOP_LEVEL                                       ; 124 (0)             ; 56 (0)                    ; 0           ; 0          ; 0            ; 0       ; 0         ; 25   ; 0            ; 0          ; |DE10_TOP_LEVEL                                                                                                                                                         ; DE10_TOP_LEVEL                        ; work         ;
;    |DivisorClock:U_Divisor|                           ; 47 (47)             ; 26 (26)                   ; 0           ; 0          ; 0            ; 0       ; 0         ; 0    ; 0            ; 0          ; |DE10_TOP_LEVEL|DivisorClock:U_Divisor                                                                                                                                  ; DivisorClock                          ; work         ;
;    |maquina_de_venda_de_bebidas_top_level:U_Maquina|  ; 77 (0)              ; 30 (0)                    ; 0           ; 0          ; 0            ; 0       ; 0         ; 0    ; 0            ; 0          ; |DE10_TOP_LEVEL|maquina_de_venda_de_bebidas_top_level:U_Maquina                                                                                                         ; maquina_de_venda_de_bebidas_top_level ; work         ;
;       |controller:U_Controller|                       ; 23 (23)             ; 7 (7)                     ; 0           ; 0          ; 0            ; 0       ; 0         ; 0    ; 0            ; 0          ; |DE10_TOP_LEVEL|maquina_de_venda_de_bebidas_top_level:U_Maquina|controller:U_Controller                                                                                 ; controller                            ; work         ;
;       |datapath:U_Datapath|                           ; 54 (3)              ; 23 (0)                    ; 0           ; 0          ; 0            ; 0       ; 0         ; 0    ; 0            ; 0          ; |DE10_TOP_LEVEL|maquina_de_venda_de_bebidas_top_level:U_Maquina|datapath:U_Datapath                                                                                     ; datapath                              ; work         ;
;          |comparator_8bits:U_Comp|                    ; 4 (0)               ; 0 (0)                     ; 0           ; 0          ; 0            ; 0       ; 0         ; 0    ; 0            ; 0          ; |DE10_TOP_LEVEL|maquina_de_venda_de_bebidas_top_level:U_Maquina|datapath:U_Datapath|comparator_8bits:U_Comp                                                             ; comparator_8bits                      ; work         ;
;             |comparator_1bit:\GEN_COMPARATOR:0:U_Bit| ; 4 (4)               ; 0 (0)                     ; 0           ; 0          ; 0            ; 0       ; 0         ; 0    ; 0            ; 0          ; |DE10_TOP_LEVEL|maquina_de_venda_de_bebidas_top_level:U_Maquina|datapath:U_Datapath|comparator_8bits:U_Comp|comparator_1bit:\GEN_COMPARATOR:0:U_Bit                     ; comparator_1bit                       ; work         ;
;          |full_adder_8bits:U_Adder|                   ; 5 (0)               ; 0 (0)                     ; 0           ; 0          ; 0            ; 0       ; 0         ; 0    ; 0            ; 0          ; |DE10_TOP_LEVEL|maquina_de_venda_de_bebidas_top_level:U_Maquina|datapath:U_Datapath|full_adder_8bits:U_Adder                                                            ; full_adder_8bits                      ; work         ;
;             |full_adder_1bit:\GEN_ADDER:1:U_Bit|      ; 2 (0)               ; 0 (0)                     ; 0           ; 0          ; 0            ; 0       ; 0         ; 0    ; 0            ; 0          ; |DE10_TOP_LEVEL|maquina_de_venda_de_bebidas_top_level:U_Maquina|datapath:U_Datapath|full_adder_8bits:U_Adder|full_adder_1bit:\GEN_ADDER:1:U_Bit                         ; full_adder_1bit                       ; work         ;
;                |half_adder:FA_2|                      ; 1 (1)               ; 0 (0)                     ; 0           ; 0          ; 0            ; 0       ; 0         ; 0    ; 0            ; 0          ; |DE10_TOP_LEVEL|maquina_de_venda_de_bebidas_top_level:U_Maquina|datapath:U_Datapath|full_adder_8bits:U_Adder|full_adder_1bit:\GEN_ADDER:1:U_Bit|half_adder:FA_2         ; half_adder                            ; work         ;
;                |or_gate:FA_3|                         ; 1 (1)               ; 0 (0)                     ; 0           ; 0          ; 0            ; 0       ; 0         ; 0    ; 0            ; 0          ; |DE10_TOP_LEVEL|maquina_de_venda_de_bebidas_top_level:U_Maquina|datapath:U_Datapath|full_adder_8bits:U_Adder|full_adder_1bit:\GEN_ADDER:1:U_Bit|or_gate:FA_3            ; or_gate                               ; work         ;
;             |full_adder_1bit:\GEN_ADDER:2:U_Bit|      ; 2 (0)               ; 0 (0)                     ; 0           ; 0          ; 0            ; 0       ; 0         ; 0    ; 0            ; 0          ; |DE10_TOP_LEVEL|maquina_de_venda_de_bebidas_top_level:U_Maquina|datapath:U_Datapath|full_adder_8bits:U_Adder|full_adder_1bit:\GEN_ADDER:2:U_Bit                         ; full_adder_1bit                       ; work         ;
;                |half_adder:FA_2|                      ; 1 (1)               ; 0 (0)                     ; 0           ; 0          ; 0            ; 0       ; 0         ; 0    ; 0            ; 0          ; |DE10_TOP_LEVEL|maquina_de_venda_de_bebidas_top_level:U_Maquina|datapath:U_Datapath|full_adder_8bits:U_Adder|full_adder_1bit:\GEN_ADDER:2:U_Bit|half_adder:FA_2         ; half_adder                            ; work         ;
;                |or_gate:FA_3|                         ; 1 (1)               ; 0 (0)                     ; 0           ; 0          ; 0            ; 0       ; 0         ; 0    ; 0            ; 0          ; |DE10_TOP_LEVEL|maquina_de_venda_de_bebidas_top_level:U_Maquina|datapath:U_Datapath|full_adder_8bits:U_Adder|full_adder_1bit:\GEN_ADDER:2:U_Bit|or_gate:FA_3            ; or_gate                               ; work         ;
;             |full_adder_1bit:\GEN_ADDER:3:U_Bit|      ; 1 (0)               ; 0 (0)                     ; 0           ; 0          ; 0            ; 0       ; 0         ; 0    ; 0            ; 0          ; |DE10_TOP_LEVEL|maquina_de_venda_de_bebidas_top_level:U_Maquina|datapath:U_Datapath|full_adder_8bits:U_Adder|full_adder_1bit:\GEN_ADDER:3:U_Bit                         ; full_adder_1bit                       ; work         ;
;                |half_adder:FA_2|                      ; 1 (1)               ; 0 (0)                     ; 0           ; 0          ; 0            ; 0       ; 0         ; 0    ; 0            ; 0          ; |DE10_TOP_LEVEL|maquina_de_venda_de_bebidas_top_level:U_Maquina|datapath:U_Datapath|full_adder_8bits:U_Adder|full_adder_1bit:\GEN_ADDER:3:U_Bit|half_adder:FA_2         ; half_adder                            ; work         ;
;          |mux_4to1:U_MuxPreco|                        ; 2 (2)               ; 0 (0)                     ; 0           ; 0          ; 0            ; 0       ; 0         ; 0    ; 0            ; 0          ; |DE10_TOP_LEVEL|maquina_de_venda_de_bebidas_top_level:U_Maquina|datapath:U_Datapath|mux_4to1:U_MuxPreco                                                                 ; mux_4to1                              ; work         ;
;          |or_gate:U_OR3|                              ; 1 (1)               ; 0 (0)                     ; 0           ; 0          ; 0            ; 0       ; 0         ; 0    ; 0            ; 0          ; |DE10_TOP_LEVEL|maquina_de_venda_de_bebidas_top_level:U_Maquina|datapath:U_Datapath|or_gate:U_OR3                                                                       ; or_gate                               ; work         ;
;          |registrador:U_RegMoedaInput|                ; 0 (0)               ; 4 (4)                     ; 0           ; 0          ; 0            ; 0       ; 0         ; 0    ; 0            ; 0          ; |DE10_TOP_LEVEL|maquina_de_venda_de_bebidas_top_level:U_Maquina|datapath:U_Datapath|registrador:U_RegMoedaInput                                                         ; registrador                           ; work         ;
;          |registrador:U_RegPreco|                     ; 1 (1)               ; 3 (3)                     ; 0           ; 0          ; 0            ; 0       ; 0         ; 0    ; 0            ; 0          ; |DE10_TOP_LEVEL|maquina_de_venda_de_bebidas_top_level:U_Maquina|datapath:U_Datapath|registrador:U_RegPreco                                                              ; registrador                           ; work         ;
;          |registrador:U_RegRet|                       ; 19 (19)             ; 8 (8)                     ; 0           ; 0          ; 0            ; 0       ; 0         ; 0    ; 0            ; 0          ; |DE10_TOP_LEVEL|maquina_de_venda_de_bebidas_top_level:U_Maquina|datapath:U_Datapath|registrador:U_RegRet                                                                ; registrador                           ; work         ;
;          |registrador:U_RegTotal|                     ; 8 (8)               ; 8 (8)                     ; 0           ; 0          ; 0            ; 0       ; 0         ; 0    ; 0            ; 0          ; |DE10_TOP_LEVEL|maquina_de_venda_de_bebidas_top_level:U_Maquina|datapath:U_Datapath|registrador:U_RegTotal                                                              ; registrador                           ; work         ;
;          |subtractor_8bits:U_SubDec|                  ; 7 (0)               ; 0 (0)                     ; 0           ; 0          ; 0            ; 0       ; 0         ; 0    ; 0            ; 0          ; |DE10_TOP_LEVEL|maquina_de_venda_de_bebidas_top_level:U_Maquina|datapath:U_Datapath|subtractor_8bits:U_SubDec                                                           ; subtractor_8bits                      ; work         ;
;             |full_adder_1bit:\GEN_SUBTRACTOR:1:U_Bit| ; 1 (0)               ; 0 (0)                     ; 0           ; 0          ; 0            ; 0       ; 0         ; 0    ; 0            ; 0          ; |DE10_TOP_LEVEL|maquina_de_venda_de_bebidas_top_level:U_Maquina|datapath:U_Datapath|subtractor_8bits:U_SubDec|full_adder_1bit:\GEN_SUBTRACTOR:1:U_Bit                   ; full_adder_1bit                       ; work         ;
;                |half_adder:FA_2|                      ; 1 (1)               ; 0 (0)                     ; 0           ; 0          ; 0            ; 0       ; 0         ; 0    ; 0            ; 0          ; |DE10_TOP_LEVEL|maquina_de_venda_de_bebidas_top_level:U_Maquina|datapath:U_Datapath|subtractor_8bits:U_SubDec|full_adder_1bit:\GEN_SUBTRACTOR:1:U_Bit|half_adder:FA_2   ; half_adder                            ; work         ;
;             |full_adder_1bit:\GEN_SUBTRACTOR:2:U_Bit| ; 1 (0)               ; 0 (0)                     ; 0           ; 0          ; 0            ; 0       ; 0         ; 0    ; 0            ; 0          ; |DE10_TOP_LEVEL|maquina_de_venda_de_bebidas_top_level:U_Maquina|datapath:U_Datapath|subtractor_8bits:U_SubDec|full_adder_1bit:\GEN_SUBTRACTOR:2:U_Bit                   ; full_adder_1bit                       ; work         ;
;                |half_adder:FA_2|                      ; 1 (1)               ; 0 (0)                     ; 0           ; 0          ; 0            ; 0       ; 0         ; 0    ; 0            ; 0          ; |DE10_TOP_LEVEL|maquina_de_venda_de_bebidas_top_level:U_Maquina|datapath:U_Datapath|subtractor_8bits:U_SubDec|full_adder_1bit:\GEN_SUBTRACTOR:2:U_Bit|half_adder:FA_2   ; half_adder                            ; work         ;
;             |full_adder_1bit:\GEN_SUBTRACTOR:3:U_Bit| ; 1 (0)               ; 0 (0)                     ; 0           ; 0          ; 0            ; 0       ; 0         ; 0    ; 0            ; 0          ; |DE10_TOP_LEVEL|maquina_de_venda_de_bebidas_top_level:U_Maquina|datapath:U_Datapath|subtractor_8bits:U_SubDec|full_adder_1bit:\GEN_SUBTRACTOR:3:U_Bit                   ; full_adder_1bit                       ; work         ;
;                |half_adder:FA_2|                      ; 1 (1)               ; 0 (0)                     ; 0           ; 0          ; 0            ; 0       ; 0         ; 0    ; 0            ; 0          ; |DE10_TOP_LEVEL|maquina_de_venda_de_bebidas_top_level:U_Maquina|datapath:U_Datapath|subtractor_8bits:U_SubDec|full_adder_1bit:\GEN_SUBTRACTOR:3:U_Bit|half_adder:FA_2   ; half_adder                            ; work         ;
;             |full_adder_1bit:\GEN_SUBTRACTOR:4:U_Bit| ; 1 (0)               ; 0 (0)                     ; 0           ; 0          ; 0            ; 0       ; 0         ; 0    ; 0            ; 0          ; |DE10_TOP_LEVEL|maquina_de_venda_de_bebidas_top_level:U_Maquina|datapath:U_Datapath|subtractor_8bits:U_SubDec|full_adder_1bit:\GEN_SUBTRACTOR:4:U_Bit                   ; full_adder_1bit                       ; work         ;
;                |half_adder:FA_2|                      ; 1 (1)               ; 0 (0)                     ; 0           ; 0          ; 0            ; 0       ; 0         ; 0    ; 0            ; 0          ; |DE10_TOP_LEVEL|maquina_de_venda_de_bebidas_top_level:U_Maquina|datapath:U_Datapath|subtractor_8bits:U_SubDec|full_adder_1bit:\GEN_SUBTRACTOR:4:U_Bit|half_adder:FA_2   ; half_adder                            ; work         ;
;             |full_adder_1bit:\GEN_SUBTRACTOR:5:U_Bit| ; 1 (0)               ; 0 (0)                     ; 0           ; 0          ; 0            ; 0       ; 0         ; 0    ; 0            ; 0          ; |DE10_TOP_LEVEL|maquina_de_venda_de_bebidas_top_level:U_Maquina|datapath:U_Datapath|subtractor_8bits:U_SubDec|full_adder_1bit:\GEN_SUBTRACTOR:5:U_Bit                   ; full_adder_1bit                       ; work         ;
;                |half_adder:FA_2|                      ; 1 (1)               ; 0 (0)                     ; 0           ; 0          ; 0            ; 0       ; 0         ; 0    ; 0            ; 0          ; |DE10_TOP_LEVEL|maquina_de_venda_de_bebidas_top_level:U_Maquina|datapath:U_Datapath|subtractor_8bits:U_SubDec|full_adder_1bit:\GEN_SUBTRACTOR:5:U_Bit|half_adder:FA_2   ; half_adder                            ; work         ;
;             |full_adder_1bit:\GEN_SUBTRACTOR:6:U_Bit| ; 1 (0)               ; 0 (0)                     ; 0           ; 0          ; 0            ; 0       ; 0         ; 0    ; 0            ; 0          ; |DE10_TOP_LEVEL|maquina_de_venda_de_bebidas_top_level:U_Maquina|datapath:U_Datapath|subtractor_8bits:U_SubDec|full_adder_1bit:\GEN_SUBTRACTOR:6:U_Bit                   ; full_adder_1bit                       ; work         ;
;                |half_adder:FA_2|                      ; 1 (1)               ; 0 (0)                     ; 0           ; 0          ; 0            ; 0       ; 0         ; 0    ; 0            ; 0          ; |DE10_TOP_LEVEL|maquina_de_venda_de_bebidas_top_level:U_Maquina|datapath:U_Datapath|subtractor_8bits:U_SubDec|full_adder_1bit:\GEN_SUBTRACTOR:6:U_Bit|half_adder:FA_2   ; half_adder                            ; work         ;
;             |full_adder_1bit:\GEN_SUBTRACTOR:7:U_Bit| ; 1 (0)               ; 0 (0)                     ; 0           ; 0          ; 0            ; 0       ; 0         ; 0    ; 0            ; 0          ; |DE10_TOP_LEVEL|maquina_de_venda_de_bebidas_top_level:U_Maquina|datapath:U_Datapath|subtractor_8bits:U_SubDec|full_adder_1bit:\GEN_SUBTRACTOR:7:U_Bit                   ; full_adder_1bit                       ; work         ;
;                |half_adder:FA_2|                      ; 1 (1)               ; 0 (0)                     ; 0           ; 0          ; 0            ; 0       ; 0         ; 0    ; 0            ; 0          ; |DE10_TOP_LEVEL|maquina_de_venda_de_bebidas_top_level:U_Maquina|datapath:U_Datapath|subtractor_8bits:U_SubDec|full_adder_1bit:\GEN_SUBTRACTOR:7:U_Bit|half_adder:FA_2   ; half_adder                            ; work         ;
;          |subtractor_8bits:U_SubTroco|                ; 4 (0)               ; 0 (0)                     ; 0           ; 0          ; 0            ; 0       ; 0         ; 0    ; 0            ; 0          ; |DE10_TOP_LEVEL|maquina_de_venda_de_bebidas_top_level:U_Maquina|datapath:U_Datapath|subtractor_8bits:U_SubTroco                                                         ; subtractor_8bits                      ; work         ;
;             |full_adder_1bit:\GEN_SUBTRACTOR:2:U_Bit| ; 2 (0)               ; 0 (0)                     ; 0           ; 0          ; 0            ; 0       ; 0         ; 0    ; 0            ; 0          ; |DE10_TOP_LEVEL|maquina_de_venda_de_bebidas_top_level:U_Maquina|datapath:U_Datapath|subtractor_8bits:U_SubTroco|full_adder_1bit:\GEN_SUBTRACTOR:2:U_Bit                 ; full_adder_1bit                       ; work         ;
;                |half_adder:FA_2|                      ; 1 (1)               ; 0 (0)                     ; 0           ; 0          ; 0            ; 0       ; 0         ; 0    ; 0            ; 0          ; |DE10_TOP_LEVEL|maquina_de_venda_de_bebidas_top_level:U_Maquina|datapath:U_Datapath|subtractor_8bits:U_SubTroco|full_adder_1bit:\GEN_SUBTRACTOR:2:U_Bit|half_adder:FA_2 ; half_adder                            ; work         ;
;                |or_gate:FA_3|                         ; 1 (1)               ; 0 (0)                     ; 0           ; 0          ; 0            ; 0       ; 0         ; 0    ; 0            ; 0          ; |DE10_TOP_LEVEL|maquina_de_venda_de_bebidas_top_level:U_Maquina|datapath:U_Datapath|subtractor_8bits:U_SubTroco|full_adder_1bit:\GEN_SUBTRACTOR:2:U_Bit|or_gate:FA_3    ; or_gate                               ; work         ;
;             |full_adder_1bit:\GEN_SUBTRACTOR:4:U_Bit| ; 2 (0)               ; 0 (0)                     ; 0           ; 0          ; 0            ; 0       ; 0         ; 0    ; 0            ; 0          ; |DE10_TOP_LEVEL|maquina_de_venda_de_bebidas_top_level:U_Maquina|datapath:U_Datapath|subtractor_8bits:U_SubTroco|full_adder_1bit:\GEN_SUBTRACTOR:4:U_Bit                 ; full_adder_1bit                       ; work         ;
;                |half_adder:FA_2|                      ; 1 (1)               ; 0 (0)                     ; 0           ; 0          ; 0            ; 0       ; 0         ; 0    ; 0            ; 0          ; |DE10_TOP_LEVEL|maquina_de_venda_de_bebidas_top_level:U_Maquina|datapath:U_Datapath|subtractor_8bits:U_SubTroco|full_adder_1bit:\GEN_SUBTRACTOR:4:U_Bit|half_adder:FA_2 ; half_adder                            ; work         ;
;                |or_gate:FA_3|                         ; 1 (1)               ; 0 (0)                     ; 0           ; 0          ; 0            ; 0       ; 0         ; 0    ; 0            ; 0          ; |DE10_TOP_LEVEL|maquina_de_venda_de_bebidas_top_level:U_Maquina|datapath:U_Datapath|subtractor_8bits:U_SubTroco|full_adder_1bit:\GEN_SUBTRACTOR:4:U_Bit|or_gate:FA_3    ; or_gate                               ; work         ;
+-------------------------------------------------------+---------------------+---------------------------+-------------+------------+--------------+---------+-----------+------+--------------+------------+-------------------------------------------------------------------------------------------------------------------------------------------------------------------------+---------------------------------------+--------------+
Note: For table entries with two numbers listed, the numbers in parentheses indicate the number of resources of the given type used by the specific entity alone. The numbers listed outside of parentheses indicate the total resources of the given type used by the specific entity and all of its sub-entities in the hierarchy.


Encoding Type:  One-Hot
+-----------------------------------------------------------------------------------------------------------------------------------------------------------------+
; State Machine - |DE10_TOP_LEVEL|maquina_de_venda_de_bebidas_top_level:U_Maquina|controller:U_Controller|estado_atual                                            ;
+------------------------+----------------------+-----------------------+--------------------+------------------------+---------------------+---------------------+
; Name                   ; estado_atual.Retorno ; estado_atual.Dispensa ; estado_atual.Moeda ; estado_atual.Seleciona ; estado_atual.Espera ; estado_atual.Inicio ;
+------------------------+----------------------+-----------------------+--------------------+------------------------+---------------------+---------------------+
; estado_atual.Inicio    ; 0                    ; 0                     ; 0                  ; 0                      ; 0                   ; 0                   ;
; estado_atual.Espera    ; 0                    ; 0                     ; 0                  ; 0                      ; 1                   ; 1                   ;
; estado_atual.Seleciona ; 0                    ; 0                     ; 0                  ; 1                      ; 0                   ; 1                   ;
; estado_atual.Moeda     ; 0                    ; 0                     ; 1                  ; 0                      ; 0                   ; 1                   ;
; estado_atual.Dispensa  ; 0                    ; 1                     ; 0                  ; 0                      ; 0                   ; 1                   ;
; estado_atual.Retorno   ; 1                    ; 0                     ; 0                  ; 0                      ; 0                   ; 1                   ;
+------------------------+----------------------+-----------------------+--------------------+------------------------+---------------------+---------------------+


+--------------------------------------------------------------------------------------------------------------------------------------------------+
; Registers Removed During Synthesis                                                                                                               ;
+---------------------------------------------------------------------------------------------------------+----------------------------------------+
; Register name                                                                                           ; Reason for Removal                     ;
+---------------------------------------------------------------------------------------------------------+----------------------------------------+
; maquina_de_venda_de_bebidas_top_level:U_Maquina|datapath:U_Datapath|registrador:U_RegMoedaInput|q[4..7] ; Stuck at GND due to stuck port data_in ;
; maquina_de_venda_de_bebidas_top_level:U_Maquina|datapath:U_Datapath|registrador:U_RegPreco|q[0,4..7]    ; Stuck at GND due to stuck port data_in ;
; Total Number of Removed Registers = 9                                                                   ;                                        ;
+---------------------------------------------------------------------------------------------------------+----------------------------------------+


+------------------------------------------------------+
; General Register Statistics                          ;
+----------------------------------------------+-------+
; Statistic                                    ; Value ;
+----------------------------------------------+-------+
; Total registers                              ; 56    ;
; Number of registers using Synchronous Clear  ; 0     ;
; Number of registers using Synchronous Load   ; 7     ;
; Number of registers using Asynchronous Clear ; 55    ;
; Number of registers using Asynchronous Load  ; 0     ;
; Number of registers using Clock Enable       ; 6     ;
; Number of registers using Preset             ; 0     ;
+----------------------------------------------+-------+


+-----------------------------------------------------------------------------------------------------------------------------------------------------------------------------------------------------------------------------+
; Multiplexer Restructuring Statistics (Restructuring Performed)                                                                                                                                                              ;
+--------------------+-----------+---------------+----------------------+------------------------+------------+---------------------------------------------------------------------------------------------------------------+
; Multiplexer Inputs ; Bus Width ; Baseline Area ; Area if Restructured ; Saving if Restructured ; Registered ; Example Multiplexer Output                                                                                    ;
+--------------------+-----------+---------------+----------------------+------------------------+------------+---------------------------------------------------------------------------------------------------------------+
; 5:1                ; 7 bits    ; 21 LEs        ; 14 LEs               ; 7 LEs                  ; Yes        ; |DE10_TOP_LEVEL|maquina_de_venda_de_bebidas_top_level:U_Maquina|datapath:U_Datapath|registrador:U_RegRet|q[1] ;
; 12:1               ; 2 bits    ; 16 LEs        ; 10 LEs               ; 6 LEs                  ; No         ; |DE10_TOP_LEVEL|maquina_de_venda_de_bebidas_top_level:U_Maquina|controller:U_Controller|Selector5             ;
+--------------------+-----------+---------------+----------------------+------------------------+------------+---------------------------------------------------------------------------------------------------------------+


+-----------------------------------------------------------------------------------------------------------------------------------------+
; Parameter Settings for User Entity Instance: maquina_de_venda_de_bebidas_top_level:U_Maquina|datapath:U_Datapath|registrador:U_RegPreco ;
+----------------+-------+----------------------------------------------------------------------------------------------------------------+
; Parameter Name ; Value ; Type                                                                                                           ;
+----------------+-------+----------------------------------------------------------------------------------------------------------------+
; n              ; 8     ; Signed Integer                                                                                                 ;
+----------------+-------+----------------------------------------------------------------------------------------------------------------+
Note: In order to hide this table in the UI and the text report file, please set the "Show Parameter Settings in Synthesis Report" option in "Analysis and Synthesis Settings -> More Settings" to "Off".


+----------------------------------------------------------------------------------------------------------------------------------------------+
; Parameter Settings for User Entity Instance: maquina_de_venda_de_bebidas_top_level:U_Maquina|datapath:U_Datapath|registrador:U_RegMoedaInput ;
+----------------+-------+---------------------------------------------------------------------------------------------------------------------+
; Parameter Name ; Value ; Type                                                                                                                ;
+----------------+-------+---------------------------------------------------------------------------------------------------------------------+
; n              ; 8     ; Signed Integer                                                                                                      ;
+----------------+-------+---------------------------------------------------------------------------------------------------------------------+
Note: In order to hide this table in the UI and the text report file, please set the "Show Parameter Settings in Synthesis Report" option in "Analysis and Synthesis Settings -> More Settings" to "Off".


+-----------------------------------------------------------------------------------------------------------------------------------------+
; Parameter Settings for User Entity Instance: maquina_de_venda_de_bebidas_top_level:U_Maquina|datapath:U_Datapath|registrador:U_RegTotal ;
+----------------+-------+----------------------------------------------------------------------------------------------------------------+
; Parameter Name ; Value ; Type                                                                                                           ;
+----------------+-------+----------------------------------------------------------------------------------------------------------------+
; n              ; 8     ; Signed Integer                                                                                                 ;
+----------------+-------+----------------------------------------------------------------------------------------------------------------+
Note: In order to hide this table in the UI and the text report file, please set the "Show Parameter Settings in Synthesis Report" option in "Analysis and Synthesis Settings -> More Settings" to "Off".


+---------------------------------------------------------------------------------------------------------------------------------------+
; Parameter Settings for User Entity Instance: maquina_de_venda_de_bebidas_top_level:U_Maquina|datapath:U_Datapath|registrador:U_RegRet ;
+----------------+-------+--------------------------------------------------------------------------------------------------------------+
; Parameter Name ; Value ; Type                                                                                                         ;
+----------------+-------+--------------------------------------------------------------------------------------------------------------+
; n              ; 8     ; Signed Integer                                                                                               ;
+----------------+-------+--------------------------------------------------------------------------------------------------------------+
Note: In order to hide this table in the UI and the text report file, please set the "Show Parameter Settings in Synthesis Report" option in "Analysis and Synthesis Settings -> More Settings" to "Off".


+---------------------------------------------------------------------------------------------------------------------------+
; Port Connectivity Checks: "maquina_de_venda_de_bebidas_top_level:U_Maquina|datapath:U_Datapath|subtractor_8bits:U_SubDec" ;
+---------+-------+----------+----------------------------------------------------------------------------------------------+
; Port    ; Type  ; Severity ; Details                                                                                      ;
+---------+-------+----------+----------------------------------------------------------------------------------------------+
; b[7..1] ; Input ; Info     ; Stuck at GND                                                                                 ;
; b[0]    ; Input ; Info     ; Stuck at VCC                                                                                 ;
+---------+-------+----------+----------------------------------------------------------------------------------------------+


+---------------------------------------------------------------------------------------------------------------------------------------------------------------------+
; Port Connectivity Checks: "maquina_de_venda_de_bebidas_top_level:U_Maquina|datapath:U_Datapath|subtractor_8bits:U_SubTroco|full_adder_1bit:\GEN_SUBTRACTOR:7:U_Bit" ;
+------+--------+----------+------------------------------------------------------------------------------------------------------------------------------------------+
; Port ; Type   ; Severity ; Details                                                                                                                                  ;
+------+--------+----------+------------------------------------------------------------------------------------------------------------------------------------------+
; fca  ; Output ; Info     ; Connected to dangling logic. Logic that only feeds a dangling port will be removed.                                                      ;
+------+--------+----------+------------------------------------------------------------------------------------------------------------------------------------------+


+---------------------------------------------------------------------------------------------------------------------------------------------------------------------+
; Port Connectivity Checks: "maquina_de_venda_de_bebidas_top_level:U_Maquina|datapath:U_Datapath|subtractor_8bits:U_SubTroco|full_adder_1bit:\GEN_SUBTRACTOR:0:U_Bit" ;
+------+-------+----------+-------------------------------------------------------------------------------------------------------------------------------------------+
; Port ; Type  ; Severity ; Details                                                                                                                                   ;
+------+-------+----------+-------------------------------------------------------------------------------------------------------------------------------------------+
; fc   ; Input ; Info     ; Stuck at VCC                                                                                                                              ;
+------+-------+----------+-------------------------------------------------------------------------------------------------------------------------------------------+


+-----------------------------------------------------------------------------------------------------------------------------------------------------------------+
; Port Connectivity Checks: "maquina_de_venda_de_bebidas_top_level:U_Maquina|datapath:U_Datapath|comparator_8bits:U_Comp|comparator_1bit:\GEN_COMPARATOR:4:U_Bit" ;
+-------+-------+----------+--------------------------------------------------------------------------------------------------------------------------------------+
; Port  ; Type  ; Severity ; Details                                                                                                                              ;
+-------+-------+----------+--------------------------------------------------------------------------------------------------------------------------------------+
; gt_in ; Input ; Info     ; Stuck at GND                                                                                                                         ;
; eq_in ; Input ; Info     ; Stuck at VCC                                                                                                                         ;
; lt_in ; Input ; Info     ; Stuck at GND                                                                                                                         ;
+-------+-------+----------+--------------------------------------------------------------------------------------------------------------------------------------+


+-------------------------------------------------------------------------------------------------------------------------------------------------------------+
; Port Connectivity Checks: "maquina_de_venda_de_bebidas_top_level:U_Maquina|datapath:U_Datapath|full_adder_8bits:U_Adder|full_adder_1bit:\GEN_ADDER:7:U_Bit" ;
+------+--------+----------+----------------------------------------------------------------------------------------------------------------------------------+
; Port ; Type   ; Severity ; Details                                                                                                                          ;
+------+--------+----------+----------------------------------------------------------------------------------------------------------------------------------+
; fca  ; Output ; Info     ; Connected to dangling logic. Logic that only feeds a dangling port will be removed.                                              ;
+------+--------+----------+----------------------------------------------------------------------------------------------------------------------------------+


+-------------------------------------------------------------------------------------------------------------------------------------------------------------+
; Port Connectivity Checks: "maquina_de_venda_de_bebidas_top_level:U_Maquina|datapath:U_Datapath|full_adder_8bits:U_Adder|full_adder_1bit:\GEN_ADDER:0:U_Bit" ;
+------+-------+----------+-----------------------------------------------------------------------------------------------------------------------------------+
; Port ; Type  ; Severity ; Details                                                                                                                           ;
+------+-------+----------+-----------------------------------------------------------------------------------------------------------------------------------+
; fc   ; Input ; Info     ; Stuck at GND                                                                                                                      ;
+------+-------+----------+-----------------------------------------------------------------------------------------------------------------------------------+


+-----------------------------------------------------------------------------------------------------------------------------+
; Port Connectivity Checks: "maquina_de_venda_de_bebidas_top_level:U_Maquina|datapath:U_Datapath|registrador:U_RegMoedaInput" ;
+---------+-------+----------+------------------------------------------------------------------------------------------------+
; Port    ; Type  ; Severity ; Details                                                                                        ;
+---------+-------+----------+------------------------------------------------------------------------------------------------+
; ld      ; Input ; Info     ; Stuck at VCC                                                                                   ;
; clr     ; Input ; Info     ; Stuck at GND                                                                                   ;
; d[7..4] ; Input ; Info     ; Stuck at GND                                                                                   ;
+---------+-------+----------+------------------------------------------------------------------------------------------------+


+------------------------------------------------------------------------------------------------------------------------+
; Port Connectivity Checks: "maquina_de_venda_de_bebidas_top_level:U_Maquina|datapath:U_Datapath|registrador:U_RegPreco" ;
+---------+-------+----------+-------------------------------------------------------------------------------------------+
; Port    ; Type  ; Severity ; Details                                                                                   ;
+---------+-------+----------+-------------------------------------------------------------------------------------------+
; d[7..4] ; Input ; Info     ; Stuck at GND                                                                              ;
+---------+-------+----------+-------------------------------------------------------------------------------------------+


+---------------------------------------------------------------------------------------------------------------------+
; Port Connectivity Checks: "maquina_de_venda_de_bebidas_top_level:U_Maquina|datapath:U_Datapath|mux_4to1:U_MuxPreco" ;
+---------+-------+----------+----------------------------------------------------------------------------------------+
; Port    ; Type  ; Severity ; Details                                                                                ;
+---------+-------+----------+----------------------------------------------------------------------------------------+
; a[2..1] ; Input ; Info     ; Stuck at VCC                                                                           ;
; a[3]    ; Input ; Info     ; Stuck at GND                                                                           ;
; a[0]    ; Input ; Info     ; Stuck at GND                                                                           ;
; b[2..0] ; Input ; Info     ; Stuck at GND                                                                           ;
; b[3]    ; Input ; Info     ; Stuck at VCC                                                                           ;
; c[3]    ; Input ; Info     ; Stuck at VCC                                                                           ;
; c[2]    ; Input ; Info     ; Stuck at GND                                                                           ;
; c[1]    ; Input ; Info     ; Stuck at VCC                                                                           ;
; c[0]    ; Input ; Info     ; Stuck at GND                                                                           ;
; d[3..2] ; Input ; Info     ; Stuck at VCC                                                                           ;
; d[1..0] ; Input ; Info     ; Stuck at GND                                                                           ;
+---------+-------+----------+----------------------------------------------------------------------------------------+


+-----------------------------------------------------+
; Post-Synthesis Netlist Statistics for Top Partition ;
+-----------------------+-----------------------------+
; Type                  ; Count                       ;
+-----------------------+-----------------------------+
; boundary_port         ; 25                          ;
; cycloneiii_ff         ; 56                          ;
;     CLR               ; 42                          ;
;     CLR SLD           ; 7                           ;
;     ENA CLR           ; 6                           ;
;     plain             ; 1                           ;
; cycloneiii_lcell_comb ; 125                         ;
;     arith             ; 24                          ;
;         2 data inputs ; 24                          ;
;     normal            ; 101                         ;
;         0 data inputs ; 1                           ;
;         1 data inputs ; 2                           ;
;         2 data inputs ; 27                          ;
;         3 data inputs ; 22                          ;
;         4 data inputs ; 49                          ;
;                       ;                             ;
; Max LUT depth         ; 5.00                        ;
; Average LUT depth     ; 3.59                        ;
+-----------------------+-----------------------------+


+-------------------------------+
; Elapsed Time Per Partition    ;
+----------------+--------------+
; Partition Name ; Elapsed Time ;
+----------------+--------------+
; Top            ; 00:00:02     ;
+----------------+--------------+


+-------------------------------+
; Analysis & Synthesis Messages ;
+-------------------------------+
Info: *******************************************************************
Info: Running Quartus Prime Analysis & Synthesis
    Info: Version 25.1std.0 Build 1129 10/21/2025 SC Lite Edition
    Info: Processing started: Wed Nov 26 01:24:01 2025
Info: Command: quartus_map --read_settings_files=on --write_settings_files=off Maquina_Bebida -c Maquina_Bebida
Warning (18236): Number of processors has not been specified which may cause overloading on shared machines.  Set the global assignment NUM_PARALLEL_PROCESSORS in your QSF to an appropriate value for best performance.
Info (20030): Parallel compilation is enabled and will use 2 of the 2 processors detected
Info (12021): Found 2 design units, including 1 entities, in source file testbench_subtractor.vhd
    Info (12022): Found design unit 1: tb_subtractor-sim File: /home/analu/Downloads/Proj-Maq_Bebidas/testbench_subtractor.vhd Line: 17
    Info (12023): Found entity 1: tb_subtractor File: /home/analu/Downloads/Proj-Maq_Bebidas/testbench_subtractor.vhd Line: 14
Info (12021): Found 2 design units, including 1 entities, in source file testbench_adder.vhd
    Info (12022): Found design unit 1: tb_adder-sim File: /home/analu/Downloads/Proj-Maq_Bebidas/testbench_adder.vhd Line: 17
    Info (12023): Found entity 1: tb_adder File: /home/analu/Downloads/Proj-Maq_Bebidas/testbench_adder.vhd Line: 14
Info (12021): Found 2 design units, including 1 entities, in source file testbench.vhd
    Info (12022): Found design unit 1: tb_maquina_de_venda_de_bebidas-tb File: /home/analu/Downloads/Proj-Maq_Bebidas/testbench.vhd Line: 17
    Info (12023): Found entity 1: tb_maquina_de_venda_de_bebidas File: /home/analu/Downloads/Proj-Maq_Bebidas/testbench.vhd Line: 14
Info (12021): Found 2 design units, including 1 entities, in source file register_n-bits.vhd
    Info (12022): Found design unit 1: registrador-rtl File: /home/analu/Downloads/Proj-Maq_Bebidas/register_n-bits.vhd Line: 26
    Info (12023): Found entity 1: registrador File: /home/analu/Downloads/Proj-Maq_Bebidas/register_n-bits.vhd Line: 14
Info (12021): Found 2 design units, including 1 entities, in source file subtractor_8-bits.vhd
    Info (12022): Found design unit 1: subtractor_8bits-structural File: /home/analu/Downloads/Proj-Maq_Bebidas/subtractor_8-bits.vhd Line: 22
    Info (12023): Found entity 1: subtractor_8bits File: /home/analu/Downloads/Proj-Maq_Bebidas/subtractor_8-bits.vhd Line: 14
Info (12021): Found 2 design units, including 1 entities, in source file mux_4-to-1.vhd
    Info (12022): Found design unit 1: mux_4to1-behavioral File: /home/analu/Downloads/Proj-Maq_Bebidas/mux_4-to-1.vhd Line: 25
    Info (12023): Found entity 1: mux_4to1 File: /home/analu/Downloads/Proj-Maq_Bebidas/mux_4-to-1.vhd Line: 14
Info (12021): Found 2 design units, including 1 entities, in source file mux_2-to-1.vhd
    Info (12022): Found design unit 1: mux_2to1_8bits-dataflow File: /home/analu/Downloads/Proj-Maq_Bebidas/mux_2-to-1.vhd Line: 22
    Info (12023): Found entity 1: mux_2to1_8bits File: /home/analu/Downloads/Proj-Maq_Bebidas/mux_2-to-1.vhd Line: 13
Info (12021): Found 2 design units, including 1 entities, in source file design.vhd
    Info (12022): Found design unit 1: maquina_de_venda_de_bebidas_top_level-structural File: /home/analu/Downloads/Proj-Maq_Bebidas/design.vhd Line: 34
    Info (12023): Found entity 1: maquina_de_venda_de_bebidas_top_level File: /home/analu/Downloads/Proj-Maq_Bebidas/design.vhd Line: 14
Info (12021): Found 2 design units, including 1 entities, in source file design-fpga.vhd
    Info (12022): Found design unit 1: DE10_TOP_LEVEL-structural File: /home/analu/Downloads/Proj-Maq_Bebidas/design-fpga.vhd Line: 29
    Info (12023): Found entity 1: DE10_TOP_LEVEL File: /home/analu/Downloads/Proj-Maq_Bebidas/design-fpga.vhd Line: 13
Info (12021): Found 2 design units, including 1 entities, in source file Datapath.vhd
    Info (12022): Found design unit 1: datapath-structural File: /home/analu/Downloads/Proj-Maq_Bebidas/Datapath.vhd Line: 35
    Info (12023): Found entity 1: datapath File: /home/analu/Downloads/Proj-Maq_Bebidas/Datapath.vhd Line: 14
Info (12021): Found 2 design units, including 1 entities, in source file Controller.vhd
    Info (12022): Found design unit 1: controller-rtl File: /home/analu/Downloads/Proj-Maq_Bebidas/Controller.vhd Line: 44
    Info (12023): Found entity 1: controller File: /home/analu/Downloads/Proj-Maq_Bebidas/Controller.vhd Line: 14
Info (12021): Found 4 design units, including 2 entities, in source file comparator_8-bits.vhd
    Info (12022): Found design unit 1: comparator_1bit-dataflow File: /home/analu/Downloads/Proj-Maq_Bebidas/comparator_8-bits.vhd Line: 30
    Info (12022): Found design unit 2: comparator_8bits-structural File: /home/analu/Downloads/Proj-Maq_Bebidas/comparator_8-bits.vhd Line: 55
    Info (12023): Found entity 1: comparator_1bit File: /home/analu/Downloads/Proj-Maq_Bebidas/comparator_8-bits.vhd Line: 17
    Info (12023): Found entity 2: comparator_8bits File: /home/analu/Downloads/Proj-Maq_Bebidas/comparator_8-bits.vhd Line: 45
Info (12021): Found 6 design units, including 3 entities, in source file basic_components.vhd
    Info (12022): Found design unit 1: half_adder-dataflow File: /home/analu/Downloads/Proj-Maq_Bebidas/basic_components.vhd Line: 25
    Info (12022): Found design unit 2: or_gate-dataflow File: /home/analu/Downloads/Proj-Maq_Bebidas/basic_components.vhd Line: 44
    Info (12022): Found design unit 3: full_adder_1bit-structural File: /home/analu/Downloads/Proj-Maq_Bebidas/basic_components.vhd Line: 65
    Info (12023): Found entity 1: half_adder File: /home/analu/Downloads/Proj-Maq_Bebidas/basic_components.vhd Line: 16
    Info (12023): Found entity 2: or_gate File: /home/analu/Downloads/Proj-Maq_Bebidas/basic_components.vhd Line: 37
    Info (12023): Found entity 3: full_adder_1bit File: /home/analu/Downloads/Proj-Maq_Bebidas/basic_components.vhd Line: 55
Info (12021): Found 2 design units, including 1 entities, in source file adder_8-bits.vhd
    Info (12022): Found design unit 1: full_adder_8bits-structural File: /home/analu/Downloads/Proj-Maq_Bebidas/adder_8-bits.vhd Line: 22
    Info (12023): Found entity 1: full_adder_8bits File: /home/analu/Downloads/Proj-Maq_Bebidas/adder_8-bits.vhd Line: 14
Info (12021): Found 2 design units, including 1 entities, in source file clock.vhd
    Info (12022): Found design unit 1: DivisorClock-rtl File: /home/analu/Downloads/Proj-Maq_Bebidas/clock.vhd Line: 23
    Info (12023): Found entity 1: DivisorClock File: /home/analu/Downloads/Proj-Maq_Bebidas/clock.vhd Line: 14
Info (12021): Found 2 design units, including 1 entities, in source file testbench_somadora_e_registrador.vhd
    Info (12022): Found design unit 1: tb_somador_acumulador-sim File: /home/analu/Downloads/Proj-Maq_Bebidas/testbench_somadora_e_registrador.vhd Line: 9
    Info (12023): Found entity 1: tb_somador_acumulador File: /home/analu/Downloads/Proj-Maq_Bebidas/testbench_somadora_e_registrador.vhd Line: 5
Info (12127): Elaborating entity "DE10_TOP_LEVEL" for the top level hierarchy
Info (12128): Elaborating entity "DivisorClock" for hierarchy "DivisorClock:U_Divisor" File: /home/analu/Downloads/Proj-Maq_Bebidas/design-fpga.vhd Line: 71
Info (12128): Elaborating entity "maquina_de_venda_de_bebidas_top_level" for hierarchy "maquina_de_venda_de_bebidas_top_level:U_Maquina" File: /home/analu/Downloads/Proj-Maq_Bebidas/design-fpga.vhd Line: 81
Info (12128): Elaborating entity "controller" for hierarchy "maquina_de_venda_de_bebidas_top_level:U_Maquina|controller:U_Controller" File: /home/analu/Downloads/Proj-Maq_Bebidas/design.vhd Line: 101
Info (12128): Elaborating entity "datapath" for hierarchy "maquina_de_venda_de_bebidas_top_level:U_Maquina|datapath:U_Datapath" File: /home/analu/Downloads/Proj-Maq_Bebidas/design.vhd Line: 135
Info (12128): Elaborating entity "mux_4to1" for hierarchy "maquina_de_venda_de_bebidas_top_level:U_Maquina|datapath:U_Datapath|mux_4to1:U_MuxPreco" File: /home/analu/Downloads/Proj-Maq_Bebidas/Datapath.vhd Line: 128
Info (12128): Elaborating entity "registrador" for hierarchy "maquina_de_venda_de_bebidas_top_level:U_Maquina|datapath:U_Datapath|registrador:U_RegPreco" File: /home/analu/Downloads/Proj-Maq_Bebidas/Datapath.vhd Line: 140
Warning (10492): VHDL Process Statement warning at register_n-bits.vhd(30): signal "clr" is read inside the Process Statement but isn't in the Process Statement's sensitivity list File: /home/analu/Downloads/Proj-Maq_Bebidas/register_n-bits.vhd Line: 30
Info (12128): Elaborating entity "or_gate" for hierarchy "maquina_de_venda_de_bebidas_top_level:U_Maquina|datapath:U_Datapath|or_gate:U_OR1" File: /home/analu/Downloads/Proj-Maq_Bebidas/Datapath.vhd Line: 163
Info (12128): Elaborating entity "full_adder_8bits" for hierarchy "maquina_de_venda_de_bebidas_top_level:U_Maquina|datapath:U_Datapath|full_adder_8bits:U_Adder" File: /home/analu/Downloads/Proj-Maq_Bebidas/Datapath.vhd Line: 172
Info (12128): Elaborating entity "full_adder_1bit" for hierarchy "maquina_de_venda_de_bebidas_top_level:U_Maquina|datapath:U_Datapath|full_adder_8bits:U_Adder|full_adder_1bit:\GEN_ADDER:0:U_Bit" File: /home/analu/Downloads/Proj-Maq_Bebidas/adder_8-bits.vhd Line: 40
Info (12128): Elaborating entity "half_adder" for hierarchy "maquina_de_venda_de_bebidas_top_level:U_Maquina|datapath:U_Datapath|full_adder_8bits:U_Adder|full_adder_1bit:\GEN_ADDER:0:U_Bit|half_adder:FA_1" File: /home/analu/Downloads/Proj-Maq_Bebidas/basic_components.vhd Line: 86
Info (12128): Elaborating entity "comparator_8bits" for hierarchy "maquina_de_venda_de_bebidas_top_level:U_Maquina|datapath:U_Datapath|comparator_8bits:U_Comp" File: /home/analu/Downloads/Proj-Maq_Bebidas/Datapath.vhd Line: 191
Info (12128): Elaborating entity "comparator_1bit" for hierarchy "maquina_de_venda_de_bebidas_top_level:U_Maquina|datapath:U_Datapath|comparator_8bits:U_Comp|comparator_1bit:\GEN_COMPARATOR:4:U_Bit" File: /home/analu/Downloads/Proj-Maq_Bebidas/comparator_8-bits.vhd Line: 82
Info (12128): Elaborating entity "subtractor_8bits" for hierarchy "maquina_de_venda_de_bebidas_top_level:U_Maquina|datapath:U_Datapath|subtractor_8bits:U_SubTroco" File: /home/analu/Downloads/Proj-Maq_Bebidas/Datapath.vhd Line: 200
Info (12128): Elaborating entity "mux_2to1_8bits" for hierarchy "maquina_de_venda_de_bebidas_top_level:U_Maquina|datapath:U_Datapath|mux_2to1_8bits:U_MuxRetSrc" File: /home/analu/Downloads/Proj-Maq_Bebidas/Datapath.vhd Line: 212
Warning (13024): Output pins are stuck at VCC or GND
    Warning (13410): Pin "LEDR[2]" is stuck at GND File: /home/analu/Downloads/Proj-Maq_Bebidas/design-fpga.vhd Line: 25
    Warning (13410): Pin "LEDR[3]" is stuck at GND File: /home/analu/Downloads/Proj-Maq_Bebidas/design-fpga.vhd Line: 25
    Warning (13410): Pin "LEDR[4]" is stuck at GND File: /home/analu/Downloads/Proj-Maq_Bebidas/design-fpga.vhd Line: 25
    Warning (13410): Pin "LEDR[5]" is stuck at GND File: /home/analu/Downloads/Proj-Maq_Bebidas/design-fpga.vhd Line: 25
    Warning (13410): Pin "LEDR[6]" is stuck at GND File: /home/analu/Downloads/Proj-Maq_Bebidas/design-fpga.vhd Line: 25
    Warning (13410): Pin "LEDR[7]" is stuck at GND File: /home/analu/Downloads/Proj-Maq_Bebidas/design-fpga.vhd Line: 25
    Warning (13410): Pin "LEDR[8]" is stuck at GND File: /home/analu/Downloads/Proj-Maq_Bebidas/design-fpga.vhd Line: 25
    Warning (13410): Pin "LEDR[9]" is stuck at GND File: /home/analu/Downloads/Proj-Maq_Bebidas/design-fpga.vhd Line: 25
Info (286030): Timing-Driven Synthesis is running
Info (16010): Generating hard_block partition "hard_block:auto_generated_inst"
    Info (16011): Adding 0 node(s), including 0 DDIO, 0 PLL, 0 transceiver and 0 LCELL
Warning (21074): Design contains 3 input pin(s) that do not drive logic
    Warning (15610): No output dependent on input pin "KEY[2]" File: /home/analu/Downloads/Proj-Maq_Bebidas/design-fpga.vhd Line: 19
    Warning (15610): No output dependent on input pin "KEY[3]" File: /home/analu/Downloads/Proj-Maq_Bebidas/design-fpga.vhd Line: 19
    Warning (15610): No output dependent on input pin "SW[8]" File: /home/analu/Downloads/Proj-Maq_Bebidas/design-fpga.vhd Line: 22
Info (21057): Implemented 154 device resources after synthesis - the final resource count might be different
    Info (21058): Implemented 15 input pins
    Info (21059): Implemented 10 output pins
    Info (21061): Implemented 129 logic cells
Info: Quartus Prime Analysis & Synthesis was successful. 0 errors, 15 warnings
    Info: Peak virtual memory: 418 megabytes
    Info: Processing ended: Wed Nov 26 01:24:26 2025
    Info: Elapsed time: 00:00:25
    Info: Total CPU time (on all processors): 00:00:31


