Flow report for Maquina_Bebida
Wed Nov 26 01:25:07 2025
Quartus Prime Version 25.1std.0 Build 1129 10/21/2025 SC Lite Edition


---------------------
; Table of Contents ;
---------------------
  1. Legal Notice
  2. Flow Summary
  3. Flow Settings
  4. Flow Non-Default Global Settings
  5. Flow Elapsed Time
  6. Flow OS Summary
  7. Flow Log
  8. Flow Messages
  9. Flow Suppressed Messages



----------------
; Legal Notice ;
----------------
Copyright (C) 2025  Altera Corporation. All rights reserved.
Your use of Altera Corporation's design tools, logic functions 
and other software and tools, and any partner logic 
functions, and any output files from any of the foregoing 
(including device programming or simulation files), and any 
associated documentation or information are expressly subject 
to the terms and conditions of the Altera Program License 
Subscription Agreement, the Altera Quartus Prime License Agreement,
the Altera IP License Agreement, or other applicable license
agreement, including, without limitation, that your use is for
the sole purpose of programming logic devices manufactured by
Altera and sold by Altera or its authorized distributors.  Please
refer to the Altera Software License Subscription Agreements 
on the Quartus Prime software download page.



+--------------------------------------------------------------------------------------+
; Flow Summary                                                                         ;
+------------------------------------+-------------------------------------------------+
; Flow Status                        ; Successful - Wed Nov 26 01:25:07 2025           ;
; Quartus Prime Version              ; 25.1std.0 Build 1129 10/21/2025 SC Lite Edition ;
; Revision Name                      ; Maquina_Bebida                                  ;
; Top-level Entity Name              ; DE10_TOP_LEVEL                                  ;
; Family                             ; MAX 10                                          ;
; Device                             ; 10M50DAF484C7G                                  ;
; Timing Models                      ; Final                                           ;
; Total logic elements               ; 130 / 49,760 ( < 1 % )                          ;
;     Total combinational functions  ; 125 / 49,760 ( < 1 % )                          ;
;     Dedicated logic registers      ; 56 / 49,760 ( < 1 % )                           ;
; Total registers                    ; 56                                              ;
; Total pins                         ; 25 / 360 ( 7 % )                                ;
; Total virtual pins                 ; 0                                               ;
; Total memory bits                  ; 0 / 1,677,312 ( 0 % )                           ;
; Embedded Multiplier 9-bit elements ; 0 / 288 ( 0 % )                                 ;
; Total PLLs                         ; 0 / 4 ( 0 % )                                   ;
; UFM blocks                         ; 0 / 1 ( 0 % )                                   ;
; ADC blocks                         ; 0 / 2 ( 0 % )                                   ;
+------------------------------------+-------------------------------------------------+


+-----------------------------------------+
; Flow Settings                           ;
+-------------------+---------------------+
; Option            ; Setting             ;
+-------------------+---------------------+
; Start date & time ; 11/26/2025 01:24:02 ;
; Main task         ; Compilation         ;
; Revision Name     ; Maquina_Bebida      ;
+-------------------+---------------------+


+---------------------------------------------------------------------------------------------------------------------------------------------------------------------------+
; Flow Non-Default Global Settings                                                                                                                                          ;
+--------------------------------------+----------------------------------------+--------------------------------------+----------------+-----------------------------------+
; Assignment Name                      ; Value                                  ; Default Value                        ; Entity Name    ; Section Id                        ;
+--------------------------------------+----------------------------------------+--------------------------------------+----------------+-----------------------------------+
; COMPILER_SIGNATURE_ID                ; 123334801539434.176413104164987        ; --                                   ; --             ; --                                ;
; EDA_DESIGN_INSTANCE_NAME             ; NA                                     ; --                                   ; --             ; tb_maquina_de_venda_de_bebidas    ;
; EDA_GENERATE_FUNCTIONAL_NETLIST      ; Off                                    ; --                                   ; --             ; eda_board_design_timing           ;
; EDA_GENERATE_FUNCTIONAL_NETLIST      ; Off                                    ; --                                   ; --             ; eda_board_design_boundary_scan    ;
; EDA_GENERATE_FUNCTIONAL_NETLIST      ; Off                                    ; --                                   ; --             ; eda_board_design_signal_integrity ;
; EDA_GENERATE_FUNCTIONAL_NETLIST      ; Off                                    ; --                                   ; --             ; eda_board_design_symbol           ;
; EDA_NATIVELINK_SIMULATION_TEST_BENCH ; tb_maquina_de_venda_de_bebidas         ; --                                   ; --             ; eda_simulation                    ;
; EDA_OUTPUT_DATA_FORMAT               ; Vhdl                                   ; --                                   ; --             ; eda_simulation                    ;
; EDA_SIMULATION_TOOL                  ; Questa Altera FPGA (VHDL)              ; <None>                               ; --             ; --                                ;
; EDA_TEST_BENCH_ENABLE_STATUS         ; TEST_BENCH_MODE                        ; --                                   ; --             ; eda_simulation                    ;
; EDA_TEST_BENCH_FILE                  ; testbench.vhd                          ; --                                   ; --             ; tb_maquina_de_venda_de_bebidas    ;
; EDA_TEST_BENCH_MODULE_NAME           ; tb_maquina_de_venda_de_bebidas         ; --                                   ; --             ; tb_maquina_de_venda_de_bebidas    ;
; EDA_TEST_BENCH_NAME                  ; tb_maquina_de_venda_de_bebidas         ; --                                   ; --             ; eda_simulation                    ;
; EDA_TIME_SCALE                       ; 1 ps                                   ; --                                   ; --             ; eda_simulation                    ;
; MAX_CORE_JUNCTION_TEMP               ; 85                                     ; --                                   ; --             ; --                                ;
; MIN_CORE_JUNCTION_TEMP               ; 0                                      ; --                                   ; --             ; --                                ;
; PARTITION_COLOR                      ; -- (Not supported for targeted family) ; --                                   ; DE10_TOP_LEVEL ; Top                               ;
; PARTITION_FITTER_PRESERVATION_LEVEL  ; -- (Not supported for targeted family) ; --                                   ; DE10_TOP_LEVEL ; Top                               ;
; PARTITION_NETLIST_TYPE               ; -- (Not supported for targeted family) ; --                                   ; DE10_TOP_LEVEL ; Top                               ;
; POWER_BOARD_THERMAL_MODEL            ; None (CONSERVATIVE)                    ; --                                   ; --             ; --                                ;
; POWER_PRESET_COOLING_SOLUTION        ; 23 MM HEAT SINK WITH 200 LFPM AIRFLOW  ; --                                   ; --             ; --                                ;
; PROJECT_IP_REGENERATION_POLICY       ; ALWAYS_REGENERATE_IP                   ; SKIP_REGENERATING_IP_IF_HDL_MODIFIED ; --             ; --                                ;
; PROJECT_OUTPUT_DIRECTORY             ; output_files                           ; --                                   ; --             ; --                                ;
; TOP_LEVEL_ENTITY                     ; DE10_TOP_LEVEL                         ; Maquina_Bebida                       ; --             ; --                                ;
+--------------------------------------+----------------------------------------+--------------------------------------+----------------+-----------------------------------+


+--------------------------------------------------------------------------------------------------------------------------+
; Flow Elapsed Time                                                                                                        ;
+----------------------+--------------+-------------------------+---------------------+------------------------------------+
; Module Name          ; Elapsed Time ; Average Processors Used ; Peak Virtual Memory ; Total CPU Time (on all processors) ;
+----------------------+--------------+-------------------------+---------------------+------------------------------------+
; Analysis & Synthesis ; 00:00:24     ; 1.0                     ; 418 MB              ; 00:00:31                           ;
; Fitter               ; 00:00:20     ; 1.0                     ; 804 MB              ; 00:00:18                           ;
; Assembler            ; 00:00:04     ; 1.0                     ; 377 MB              ; 00:00:04                           ;
; Timing Analyzer      ; 00:00:05     ; 1.0                     ; 488 MB              ; 00:00:03                           ;
; EDA Netlist Writer   ; 00:00:01     ; 1.0                     ; 581 MB              ; 00:00:01                           ;
; Total                ; 00:00:54     ; --                      ; --                  ; 00:00:57                           ;
+----------------------+--------------+-------------------------+---------------------+------------------------------------+


+---------------------------------------------------------------------------------+
; Flow OS Summary                                                                 ;
+----------------------+------------------+---------+------------+----------------+
; Module Name          ; Machine Hostname ; OS Name ; OS Version ; Processor type ;
+----------------------+------------------+---------+------------+----------------+
; Analysis & Synthesis ; ana-lu-notebook  ; Ubuntu  ; 24         ; x86_64         ;
; Fitter               ; ana-lu-notebook  ; Ubuntu  ; 24         ; x86_64         ;
; Assembler            ; ana-lu-notebook  ; Ubuntu  ; 24         ; x86_64         ;
; Timing Analyzer      ; ana-lu-notebook  ; Ubuntu  ; 24         ; x86_64         ;
; EDA Netlist Writer   ; ana-lu-notebook  ; Ubuntu  ; 24         ; x86_64         ;
+----------------------+------------------+---------+------------+----------------+


------------
; Flow Log ;
------------
quartus_map --read_settings_files=on --write_settings_files=off Maquina_Bebida -c Maquina_Bebida
quartus_fit --read_settings_files=off --write_settings_files=off Maquina_Bebida -c Maquina_Bebida
quartus_asm --read_settings_files=off --write_settings_files=off Maquina_Bebida -c Maquina_Bebida
quartus_sta Maquina_Bebida -c Maquina_Bebida
quartus_eda --read_settings_files=off --write_settings_files=off Maquina_Bebida -c Maquina_Bebida



